This is XeTeX, Version 3.141592653-2.6-0.999997 (TeX Live 2025/Homebrew) (preloaded format=xelatex 2025.3.15)  15 SEP 2025 10:11
entering extended mode
 restricted \write18 enabled.
 %&-line parsing enabled.
**hessian3
(./hessian3.tex
LaTeX2e <2024-11-01> patch level 2
L3 programming layer <2025-01-18>
! Undefined control sequence.
l.1 \href
         {https://www.jstatsoft.org/article/view/v070i05}{TMB}
? x
 
Here is how much of TeX's memory you used:
 13 strings out of 473832
 262 string characters out of 5719382
 386380 words of memory out of 5000000
 23180 multiletter control sequences out of 15000+600000
 558837 words of font info for 36 fonts, out of 8000000 for 9000
 1348 hyphenation exceptions out of 8191
 11i,0n,13p,98b,8s stack positions out of 10000i,1000n,20000p,200000b,200000s
No pages of output.
